[INFO ] [2018-05-03 14:52:15] com.tiza.Application [50] - Starting Application on DIYILIU with PID 9668 (E:\VCS\SVN\estar\estar-pile\out\production\classes started by DIYILIU in E:\VCS\SVN\estar\estar-pile)
[INFO ] [2018-05-03 14:52:15] com.tiza.Application [656] - The following profiles are active: dev
[INFO ] [2018-05-03 14:52:15] org.springframework.boot.web.servlet.context.AnnotationConfigServletWebServerApplicationContext [589] - Refreshing org.springframework.boot.web.servlet.context.AnnotationConfigServletWebServerApplicationContext@388ba540: startup date [Thu May 03 14:52:15 CST 2018]; root of context hierarchy
[INFO ] [2018-05-03 14:52:16] org.springframework.data.repository.config.RepositoryConfigurationDelegate [163] - Multiple Spring Data modules found, entering strict repository configuration mode!
[INFO ] [2018-05-03 14:52:16] org.springframework.data.repository.config.RepositoryConfigurationDelegate [163] - Multiple Spring Data modules found, entering strict repository configuration mode!
[INFO ] [2018-05-03 14:52:16] org.springframework.data.repository.config.RepositoryConfigurationExtensionSupport [283] - Spring Data Redis - Could not safely identify store assignment for repository candidate interface com.tiza.api.operator.facade.OperatorJpa.
[INFO ] [2018-05-03 14:52:17] org.springframework.context.support.PostProcessorRegistrationDelegate$BeanPostProcessorChecker [328] - Bean 'org.springframework.transaction.annotation.ProxyTransactionManagementConfiguration' of type [org.springframework.transaction.annotation.ProxyTransactionManagementConfiguration$$EnhancerBySpringCGLIB$$cc21548b] is not eligible for getting processed by all BeanPostProcessors (for example: not eligible for auto-proxying)
[INFO ] [2018-05-03 14:52:17] org.springframework.boot.web.embedded.tomcat.TomcatWebServer [91] - Tomcat initialized with port(s): 8088 (http)
[INFO ] [2018-05-03 14:52:17] org.apache.coyote.http11.Http11NioProtocol [180] - Initializing ProtocolHandler ["http-nio-8088"]
[INFO ] [2018-05-03 14:52:17] org.apache.catalina.core.StandardService [180] - Starting service [Tomcat]
[INFO ] [2018-05-03 14:52:17] org.apache.catalina.core.StandardEngine [180] - Starting Servlet Engine: Apache Tomcat/8.5.28
[INFO ] [2018-05-03 14:52:17] org.apache.catalina.core.AprLifecycleListener [180] - The APR based Apache Tomcat Native library which allows optimal performance in production environments was not found on the java.library.path: [E:\Develop\Java\jdk1.8.0_161\bin;C:\Windows\Sun\Java\bin;C:\Windows\system32;C:\Windows;D:\oracle\product\11.1.0\client_1\bin;C:\ProgramData\Oracle\Java\javapath;C:\Windows\system32;C:\Windows;C:\Windows\System32\Wbem;C:\Windows\System32\WindowsPowerShell\v1.0\;E:\Develop\Java\jdk1.8.0_45\bin;E:\Develop\Java\jdk1.8.0_45\jre\bin;D:\Program Files\TortoiseSVN\bin;E:\Develop\Apache\apache-maven-3.5.0\bin;E:\Develop\Gradle\gradle-3.5\bin;C:\Program Files\PuTTY\;D:\Program Files\Git\cmd;C:\Program Files\MySQL\MySQL Utilities 1.6\;E:\Develop\Apache\zookeeper-3.4.9\bin;E:\Develop\Scala\scala-2.12.4\bin;D:\Program Files\nodejs\;E:\Develop\Redis\;d:\Ruby24-x64\bin;C:\Users\DIYILIU\AppData\Local\Microsoft\WindowsApps;;d:\Program Files (x86)\Fiddler2;C:\Users\DIYILIU\AppData\Roaming\npm;.]
[INFO ] [2018-05-03 14:52:18] org.apache.catalina.core.ContainerBase.[Tomcat].[localhost].[/evcs/v1] [180] - Initializing Spring embedded WebApplicationContext
[INFO ] [2018-05-03 14:52:18] org.springframework.web.context.ContextLoader [285] - Root WebApplicationContext: initialization completed in 2520 ms
[INFO ] [2018-05-03 14:52:19] org.springframework.boot.web.servlet.ServletRegistrationBean [185] - Servlet dispatcherServlet mapped to [/]
[INFO ] [2018-05-03 14:52:19] org.springframework.boot.web.servlet.FilterRegistrationBean [243] - Mapping filter: 'characterEncodingFilter' to: [/*]
[INFO ] [2018-05-03 14:52:19] org.springframework.boot.web.servlet.FilterRegistrationBean [243] - Mapping filter: 'hiddenHttpMethodFilter' to: [/*]
[INFO ] [2018-05-03 14:52:19] org.springframework.boot.web.servlet.FilterRegistrationBean [243] - Mapping filter: 'httpPutFormContentFilter' to: [/*]
[INFO ] [2018-05-03 14:52:19] org.springframework.boot.web.servlet.FilterRegistrationBean [243] - Mapping filter: 'requestContextFilter' to: [/*]
[INFO ] [2018-05-03 14:52:19] org.springframework.boot.web.servlet.FilterRegistrationBean [243] - Mapping filter: 'httpTraceFilter' to: [/*]
[INFO ] [2018-05-03 14:52:19] org.springframework.boot.web.servlet.FilterRegistrationBean [243] - Mapping filter: 'webMvcMetricsFilter' to: [/*]
[INFO ] [2018-05-03 14:52:19] org.springframework.boot.web.servlet.FilterRegistrationBean [243] - Mapping filter: 'tokenAuthorizationFilter' to: [/*]
[INFO ] [2018-05-03 14:52:19] com.zaxxer.hikari.HikariDataSource [110] - HikariPool-1 - Starting...
[INFO ] [2018-05-03 14:52:19] com.zaxxer.hikari.pool.PoolBase [516] - HikariPool-1 - Driver does not support get/set network timeout for connections. (oracle.jdbc.driver.T4CConnection.getNetworkTimeout()I)
[INFO ] [2018-05-03 14:52:20] com.zaxxer.hikari.HikariDataSource [123] - HikariPool-1 - Start completed.
[INFO ] [2018-05-03 14:52:20] org.springframework.orm.jpa.LocalContainerEntityManagerFactoryBean [361] - Building JPA container EntityManagerFactory for persistence unit 'default'
[INFO ] [2018-05-03 14:52:20] org.hibernate.jpa.internal.util.LogHelper [31] - HHH000204: Processing PersistenceUnitInfo [
	name: default
	...]
[INFO ] [2018-05-03 14:52:20] org.hibernate.Version [45] - HHH000412: Hibernate Core {5.2.14.Final}
[INFO ] [2018-05-03 14:52:20] org.hibernate.cfg.Environment [213] - HHH000206: hibernate.properties not found
[INFO ] [2018-05-03 14:52:20] org.hibernate.annotations.common.Version [66] - HCANN000001: Hibernate Commons Annotations {5.0.1.Final}
[INFO ] [2018-05-03 14:52:20] org.hibernate.dialect.Dialect [157] - HHH000400: Using dialect: org.hibernate.dialect.Oracle12cDialect
[INFO ] [2018-05-03 14:52:20] org.hibernate.type.BasicTypeRegistry [148] - HHH000270: Type registration [byte[]] overrides previous : org.hibernate.type.BinaryType@5844a2d1
[INFO ] [2018-05-03 14:52:20] org.hibernate.type.BasicTypeRegistry [148] - HHH000270: Type registration [[B] overrides previous : org.hibernate.type.BinaryType@5844a2d1
[INFO ] [2018-05-03 14:52:20] org.hibernate.type.BasicTypeRegistry [148] - HHH000270: Type registration [Byte[]] overrides previous : org.hibernate.type.WrapperBinaryType@3b28b7b0
[INFO ] [2018-05-03 14:52:20] org.hibernate.type.BasicTypeRegistry [148] - HHH000270: Type registration [[Ljava.lang.Byte;] overrides previous : org.hibernate.type.WrapperBinaryType@3b28b7b0
[INFO ] [2018-05-03 14:52:21] org.springframework.orm.jpa.LocalContainerEntityManagerFactoryBean [394] - Initialized JPA EntityManagerFactory for persistence unit 'default'
[INFO ] [2018-05-03 14:52:22] org.springframework.web.servlet.mvc.method.annotation.RequestMappingHandlerAdapter [567] - Looking for @ControllerAdvice: org.springframework.boot.web.servlet.context.AnnotationConfigServletWebServerApplicationContext@388ba540: startup date [Thu May 03 14:52:15 CST 2018]; root of context hierarchy
[INFO ] [2018-05-03 14:52:22] org.springframework.web.servlet.mvc.method.annotation.RequestMappingHandlerMapping [548] - Mapped "{[/query_token],methods=[POST]}" onto private com.tiza.support.model.RespResult com.tiza.api.account.AccountController.queryToken(com.tiza.support.model.ReqBody) throws java.lang.Exception
[INFO ] [2018-05-03 14:52:22] org.springframework.web.servlet.mvc.method.annotation.RequestMappingHandlerMapping [548] - Mapped "{[/error]}" onto public org.springframework.http.ResponseEntity<java.util.Map<java.lang.String, java.lang.Object>> org.springframework.boot.autoconfigure.web.servlet.error.BasicErrorController.error(javax.servlet.http.HttpServletRequest)
[INFO ] [2018-05-03 14:52:22] org.springframework.web.servlet.mvc.method.annotation.RequestMappingHandlerMapping [548] - Mapped "{[/error],produces=[text/html]}" onto public org.springframework.web.servlet.ModelAndView org.springframework.boot.autoconfigure.web.servlet.error.BasicErrorController.errorHtml(javax.servlet.http.HttpServletRequest,javax.servlet.http.HttpServletResponse)
[INFO ] [2018-05-03 14:52:22] org.springframework.web.servlet.handler.SimpleUrlHandlerMapping [373] - Mapped URL path [/**/favicon.ico] onto handler of type [class org.springframework.web.servlet.resource.ResourceHttpRequestHandler]
[INFO ] [2018-05-03 14:52:23] org.springframework.boot.actuate.endpoint.web.servlet.WebMvcEndpointHandlerMapping [548] - Mapped "{[/actuator/health],methods=[GET],produces=[application/vnd.spring-boot.actuator.v2+json || application/json]}" onto public java.lang.Object org.springframework.boot.actuate.endpoint.web.servlet.AbstractWebMvcEndpointHandlerMapping$OperationHandler.handle(javax.servlet.http.HttpServletRequest,java.util.Map<java.lang.String, java.lang.String>)
[INFO ] [2018-05-03 14:52:23] org.springframework.boot.actuate.endpoint.web.servlet.WebMvcEndpointHandlerMapping [548] - Mapped "{[/actuator/info],methods=[GET],produces=[application/vnd.spring-boot.actuator.v2+json || application/json]}" onto public java.lang.Object org.springframework.boot.actuate.endpoint.web.servlet.AbstractWebMvcEndpointHandlerMapping$OperationHandler.handle(javax.servlet.http.HttpServletRequest,java.util.Map<java.lang.String, java.lang.String>)
[INFO ] [2018-05-03 14:52:23] org.springframework.boot.actuate.endpoint.web.servlet.WebMvcEndpointHandlerMapping [548] - Mapped "{[/actuator],methods=[GET],produces=[application/vnd.spring-boot.actuator.v2+json || application/json]}" onto protected java.util.Map<java.lang.String, java.util.Map<java.lang.String, org.springframework.boot.actuate.endpoint.web.Link>> org.springframework.boot.actuate.endpoint.web.servlet.WebMvcEndpointHandlerMapping.links(javax.servlet.http.HttpServletRequest,javax.servlet.http.HttpServletResponse)
[INFO ] [2018-05-03 14:52:23] org.springframework.jmx.export.annotation.AnnotationMBeanExporter [434] - Registering beans for JMX exposure on startup
[INFO ] [2018-05-03 14:52:23] org.springframework.jmx.export.annotation.AnnotationMBeanExporter [896] - Bean with name 'dataSource' has been autodetected for JMX exposure
[INFO ] [2018-05-03 14:52:23] org.springframework.jmx.export.annotation.AnnotationMBeanExporter [669] - Located MBean 'dataSource': registering with JMX server as MBean [com.zaxxer.hikari:name=dataSource,type=HikariDataSource]
[INFO ] [2018-05-03 14:52:23] org.apache.coyote.http11.Http11NioProtocol [180] - Starting ProtocolHandler ["http-nio-8088"]
[INFO ] [2018-05-03 14:52:23] org.apache.tomcat.util.net.NioSelectorPool [180] - Using a shared selector for servlet write/read
[INFO ] [2018-05-03 14:52:23] org.springframework.boot.web.embedded.tomcat.TomcatWebServer [205] - Tomcat started on port(s): 8088 (http) with context path '/evcs/v1'
[INFO ] [2018-05-03 14:52:23] com.tiza.Application [59] - Started Application in 8.567 seconds (JVM running for 12.194)
[INFO ] [2018-05-03 14:52:25] org.apache.catalina.core.ContainerBase.[Tomcat].[localhost].[/evcs/v1] [180] - Initializing Spring FrameworkServlet 'dispatcherServlet'
[INFO ] [2018-05-03 14:52:25] org.springframework.web.servlet.DispatcherServlet [494] - FrameworkServlet 'dispatcherServlet': initialization started
[INFO ] [2018-05-03 14:52:25] org.springframework.web.servlet.DispatcherServlet [513] - FrameworkServlet 'dispatcherServlet': initialization completed in 83 ms
[INFO ] [2018-05-03 14:52:26] io.lettuce.core.EpollProvider [101] - Starting without optional epoll library
[INFO ] [2018-05-03 14:52:26] io.lettuce.core.KqueueProvider [101] - Starting without optional kqueue library
[INFO ] [2018-05-03 14:53:09] org.hibernate.hql.internal.QueryTranslatorFactoryInitiator [47] - HHH000397: Using ASTQueryTranslatorFactory
[INFO ] [2018-05-03 14:57:03] com.tiza.Application [50] - Starting Application on DIYILIU with PID 5128 (E:\VCS\SVN\estar\estar-pile\out\production\classes started by DIYILIU in E:\VCS\SVN\estar\estar-pile)
[INFO ] [2018-05-03 14:57:03] com.tiza.Application [656] - The following profiles are active: dev
[INFO ] [2018-05-03 14:57:03] org.springframework.boot.web.servlet.context.AnnotationConfigServletWebServerApplicationContext [589] - Refreshing org.springframework.boot.web.servlet.context.AnnotationConfigServletWebServerApplicationContext@478ee483: startup date [Thu May 03 14:57:03 CST 2018]; root of context hierarchy
[INFO ] [2018-05-03 14:57:04] org.springframework.data.repository.config.RepositoryConfigurationDelegate [163] - Multiple Spring Data modules found, entering strict repository configuration mode!
[INFO ] [2018-05-03 14:57:04] org.springframework.data.repository.config.RepositoryConfigurationDelegate [163] - Multiple Spring Data modules found, entering strict repository configuration mode!
[INFO ] [2018-05-03 14:57:04] org.springframework.data.repository.config.RepositoryConfigurationExtensionSupport [283] - Spring Data Redis - Could not safely identify store assignment for repository candidate interface com.tiza.api.operator.facade.OperatorJpa.
[INFO ] [2018-05-03 14:57:05] org.springframework.context.support.PostProcessorRegistrationDelegate$BeanPostProcessorChecker [328] - Bean 'org.springframework.transaction.annotation.ProxyTransactionManagementConfiguration' of type [org.springframework.transaction.annotation.ProxyTransactionManagementConfiguration$$EnhancerBySpringCGLIB$$bd1e9cc4] is not eligible for getting processed by all BeanPostProcessors (for example: not eligible for auto-proxying)
[INFO ] [2018-05-03 14:57:05] org.springframework.boot.web.embedded.tomcat.TomcatWebServer [91] - Tomcat initialized with port(s): 8088 (http)
[INFO ] [2018-05-03 14:57:05] org.apache.coyote.http11.Http11NioProtocol [180] - Initializing ProtocolHandler ["http-nio-8088"]
[INFO ] [2018-05-03 14:57:06] org.apache.catalina.core.StandardService [180] - Starting service [Tomcat]
[INFO ] [2018-05-03 14:57:06] org.apache.catalina.core.StandardEngine [180] - Starting Servlet Engine: Apache Tomcat/8.5.28
[INFO ] [2018-05-03 14:57:06] org.apache.catalina.core.AprLifecycleListener [180] - The APR based Apache Tomcat Native library which allows optimal performance in production environments was not found on the java.library.path: [E:\Develop\Java\jdk1.8.0_161\bin;C:\Windows\Sun\Java\bin;C:\Windows\system32;C:\Windows;D:\oracle\product\11.1.0\client_1\bin;C:\ProgramData\Oracle\Java\javapath;C:\Windows\system32;C:\Windows;C:\Windows\System32\Wbem;C:\Windows\System32\WindowsPowerShell\v1.0\;E:\Develop\Java\jdk1.8.0_45\bin;E:\Develop\Java\jdk1.8.0_45\jre\bin;D:\Program Files\TortoiseSVN\bin;E:\Develop\Apache\apache-maven-3.5.0\bin;E:\Develop\Gradle\gradle-3.5\bin;C:\Program Files\PuTTY\;D:\Program Files\Git\cmd;C:\Program Files\MySQL\MySQL Utilities 1.6\;E:\Develop\Apache\zookeeper-3.4.9\bin;E:\Develop\Scala\scala-2.12.4\bin;D:\Program Files\nodejs\;E:\Develop\Redis\;d:\Ruby24-x64\bin;C:\Users\DIYILIU\AppData\Local\Microsoft\WindowsApps;;d:\Program Files (x86)\Fiddler2;C:\Users\DIYILIU\AppData\Roaming\npm;.]
[INFO ] [2018-05-03 14:57:06] org.apache.catalina.core.ContainerBase.[Tomcat].[localhost].[/evcs/v1] [180] - Initializing Spring embedded WebApplicationContext
[INFO ] [2018-05-03 14:57:06] org.springframework.web.context.ContextLoader [285] - Root WebApplicationContext: initialization completed in 2425 ms
[INFO ] [2018-05-03 14:57:07] org.springframework.boot.web.servlet.ServletRegistrationBean [185] - Servlet dispatcherServlet mapped to [/]
[INFO ] [2018-05-03 14:57:07] org.springframework.boot.web.servlet.FilterRegistrationBean [243] - Mapping filter: 'characterEncodingFilter' to: [/*]
[INFO ] [2018-05-03 14:57:07] org.springframework.boot.web.servlet.FilterRegistrationBean [243] - Mapping filter: 'hiddenHttpMethodFilter' to: [/*]
[INFO ] [2018-05-03 14:57:07] org.springframework.boot.web.servlet.FilterRegistrationBean [243] - Mapping filter: 'httpPutFormContentFilter' to: [/*]
[INFO ] [2018-05-03 14:57:07] org.springframework.boot.web.servlet.FilterRegistrationBean [243] - Mapping filter: 'requestContextFilter' to: [/*]
[INFO ] [2018-05-03 14:57:07] org.springframework.boot.web.servlet.FilterRegistrationBean [243] - Mapping filter: 'httpTraceFilter' to: [/*]
[INFO ] [2018-05-03 14:57:07] org.springframework.boot.web.servlet.FilterRegistrationBean [243] - Mapping filter: 'webMvcMetricsFilter' to: [/*]
[INFO ] [2018-05-03 14:57:07] org.springframework.boot.web.servlet.FilterRegistrationBean [243] - Mapping filter: 'tokenAuthorizationFilter' to: [/*]
[INFO ] [2018-05-03 14:57:07] com.zaxxer.hikari.HikariDataSource [110] - HikariPool-1 - Starting...
[INFO ] [2018-05-03 14:57:07] com.zaxxer.hikari.pool.PoolBase [516] - HikariPool-1 - Driver does not support get/set network timeout for connections. (oracle.jdbc.driver.T4CConnection.getNetworkTimeout()I)
[INFO ] [2018-05-03 14:57:07] com.zaxxer.hikari.HikariDataSource [123] - HikariPool-1 - Start completed.
[INFO ] [2018-05-03 14:57:07] org.springframework.orm.jpa.LocalContainerEntityManagerFactoryBean [361] - Building JPA container EntityManagerFactory for persistence unit 'default'
[INFO ] [2018-05-03 14:57:08] org.hibernate.jpa.internal.util.LogHelper [31] - HHH000204: Processing PersistenceUnitInfo [
	name: default
	...]
[INFO ] [2018-05-03 14:57:08] org.hibernate.Version [45] - HHH000412: Hibernate Core {5.2.14.Final}
[INFO ] [2018-05-03 14:57:08] org.hibernate.cfg.Environment [213] - HHH000206: hibernate.properties not found
[INFO ] [2018-05-03 14:57:08] org.hibernate.annotations.common.Version [66] - HCANN000001: Hibernate Commons Annotations {5.0.1.Final}
[INFO ] [2018-05-03 14:57:08] org.hibernate.dialect.Dialect [157] - HHH000400: Using dialect: org.hibernate.dialect.Oracle12cDialect
[INFO ] [2018-05-03 14:57:08] org.hibernate.type.BasicTypeRegistry [148] - HHH000270: Type registration [byte[]] overrides previous : org.hibernate.type.BinaryType@3af236d0
[INFO ] [2018-05-03 14:57:08] org.hibernate.type.BasicTypeRegistry [148] - HHH000270: Type registration [[B] overrides previous : org.hibernate.type.BinaryType@3af236d0
[INFO ] [2018-05-03 14:57:08] org.hibernate.type.BasicTypeRegistry [148] - HHH000270: Type registration [Byte[]] overrides previous : org.hibernate.type.WrapperBinaryType@6bf570c
[INFO ] [2018-05-03 14:57:08] org.hibernate.type.BasicTypeRegistry [148] - HHH000270: Type registration [[Ljava.lang.Byte;] overrides previous : org.hibernate.type.WrapperBinaryType@6bf570c
[INFO ] [2018-05-03 14:57:08] org.springframework.orm.jpa.LocalContainerEntityManagerFactoryBean [394] - Initialized JPA EntityManagerFactory for persistence unit 'default'
[INFO ] [2018-05-03 14:57:09] org.springframework.web.servlet.mvc.method.annotation.RequestMappingHandlerAdapter [567] - Looking for @ControllerAdvice: org.springframework.boot.web.servlet.context.AnnotationConfigServletWebServerApplicationContext@478ee483: startup date [Thu May 03 14:57:03 CST 2018]; root of context hierarchy
[INFO ] [2018-05-03 14:57:09] org.springframework.web.servlet.mvc.method.annotation.RequestMappingHandlerMapping [548] - Mapped "{[/query_token],methods=[POST]}" onto private com.tiza.support.model.RespResult com.tiza.api.account.AccountController.queryToken(com.tiza.support.model.ReqBody) throws java.lang.Exception
[INFO ] [2018-05-03 14:57:09] org.springframework.web.servlet.mvc.method.annotation.RequestMappingHandlerMapping [548] - Mapped "{[/error]}" onto public org.springframework.http.ResponseEntity<java.util.Map<java.lang.String, java.lang.Object>> org.springframework.boot.autoconfigure.web.servlet.error.BasicErrorController.error(javax.servlet.http.HttpServletRequest)
[INFO ] [2018-05-03 14:57:09] org.springframework.web.servlet.mvc.method.annotation.RequestMappingHandlerMapping [548] - Mapped "{[/error],produces=[text/html]}" onto public org.springframework.web.servlet.ModelAndView org.springframework.boot.autoconfigure.web.servlet.error.BasicErrorController.errorHtml(javax.servlet.http.HttpServletRequest,javax.servlet.http.HttpServletResponse)
[INFO ] [2018-05-03 14:57:10] org.springframework.web.servlet.handler.SimpleUrlHandlerMapping [373] - Mapped URL path [/**/favicon.ico] onto handler of type [class org.springframework.web.servlet.resource.ResourceHttpRequestHandler]
[INFO ] [2018-05-03 14:57:10] org.springframework.boot.actuate.endpoint.web.servlet.WebMvcEndpointHandlerMapping [548] - Mapped "{[/actuator/health],methods=[GET],produces=[application/vnd.spring-boot.actuator.v2+json || application/json]}" onto public java.lang.Object org.springframework.boot.actuate.endpoint.web.servlet.AbstractWebMvcEndpointHandlerMapping$OperationHandler.handle(javax.servlet.http.HttpServletRequest,java.util.Map<java.lang.String, java.lang.String>)
[INFO ] [2018-05-03 14:57:10] org.springframework.boot.actuate.endpoint.web.servlet.WebMvcEndpointHandlerMapping [548] - Mapped "{[/actuator/info],methods=[GET],produces=[application/vnd.spring-boot.actuator.v2+json || application/json]}" onto public java.lang.Object org.springframework.boot.actuate.endpoint.web.servlet.AbstractWebMvcEndpointHandlerMapping$OperationHandler.handle(javax.servlet.http.HttpServletRequest,java.util.Map<java.lang.String, java.lang.String>)
[INFO ] [2018-05-03 14:57:10] org.springframework.boot.actuate.endpoint.web.servlet.WebMvcEndpointHandlerMapping [548] - Mapped "{[/actuator],methods=[GET],produces=[application/vnd.spring-boot.actuator.v2+json || application/json]}" onto protected java.util.Map<java.lang.String, java.util.Map<java.lang.String, org.springframework.boot.actuate.endpoint.web.Link>> org.springframework.boot.actuate.endpoint.web.servlet.WebMvcEndpointHandlerMapping.links(javax.servlet.http.HttpServletRequest,javax.servlet.http.HttpServletResponse)
[INFO ] [2018-05-03 14:57:10] org.springframework.jmx.export.annotation.AnnotationMBeanExporter [434] - Registering beans for JMX exposure on startup
[INFO ] [2018-05-03 14:57:10] org.springframework.jmx.export.annotation.AnnotationMBeanExporter [896] - Bean with name 'dataSource' has been autodetected for JMX exposure
[INFO ] [2018-05-03 14:57:10] org.springframework.jmx.export.annotation.AnnotationMBeanExporter [669] - Located MBean 'dataSource': registering with JMX server as MBean [com.zaxxer.hikari:name=dataSource,type=HikariDataSource]
[INFO ] [2018-05-03 14:57:10] org.apache.coyote.http11.Http11NioProtocol [180] - Starting ProtocolHandler ["http-nio-8088"]
[INFO ] [2018-05-03 14:57:10] org.apache.tomcat.util.net.NioSelectorPool [180] - Using a shared selector for servlet write/read
[INFO ] [2018-05-03 14:57:10] org.springframework.boot.web.embedded.tomcat.TomcatWebServer [205] - Tomcat started on port(s): 8088 (http) with context path '/evcs/v1'
[INFO ] [2018-05-03 14:57:10] com.tiza.Application [59] - Started Application in 8.237 seconds (JVM running for 10.246)
[INFO ] [2018-05-03 14:57:12] org.apache.catalina.core.ContainerBase.[Tomcat].[localhost].[/evcs/v1] [180] - Initializing Spring FrameworkServlet 'dispatcherServlet'
[INFO ] [2018-05-03 14:57:12] org.springframework.web.servlet.DispatcherServlet [494] - FrameworkServlet 'dispatcherServlet': initialization started
[INFO ] [2018-05-03 14:57:12] org.springframework.web.servlet.DispatcherServlet [513] - FrameworkServlet 'dispatcherServlet': initialization completed in 253 ms
[INFO ] [2018-05-03 14:57:13] io.lettuce.core.EpollProvider [101] - Starting without optional epoll library
[INFO ] [2018-05-03 14:57:13] io.lettuce.core.KqueueProvider [101] - Starting without optional kqueue library
[INFO ] [2018-05-03 14:57:21] org.hibernate.hql.internal.QueryTranslatorFactoryInitiator [47] - HHH000397: Using ASTQueryTranslatorFactory
[INFO ] [2018-05-03 15:38:02] com.tiza.Application [50] - Starting Application on DIYILIU with PID 12080 (E:\VCS\SVN\estar\estar-pile\out\production\classes started by DIYILIU in E:\VCS\SVN\estar\estar-pile)
[INFO ] [2018-05-03 15:38:02] com.tiza.Application [656] - The following profiles are active: dev
[INFO ] [2018-05-03 15:38:03] org.springframework.boot.web.servlet.context.AnnotationConfigServletWebServerApplicationContext [589] - Refreshing org.springframework.boot.web.servlet.context.AnnotationConfigServletWebServerApplicationContext@6111ba37: startup date [Thu May 03 15:38:03 CST 2018]; root of context hierarchy
[INFO ] [2018-05-03 15:38:04] org.springframework.data.repository.config.RepositoryConfigurationDelegate [163] - Multiple Spring Data modules found, entering strict repository configuration mode!
[INFO ] [2018-05-03 15:38:04] org.springframework.data.repository.config.RepositoryConfigurationDelegate [163] - Multiple Spring Data modules found, entering strict repository configuration mode!
[INFO ] [2018-05-03 15:38:04] org.springframework.data.repository.config.RepositoryConfigurationExtensionSupport [283] - Spring Data Redis - Could not safely identify store assignment for repository candidate interface com.tiza.api.operator.facade.OperatorJpa.
[INFO ] [2018-05-03 15:38:05] org.springframework.context.support.PostProcessorRegistrationDelegate$BeanPostProcessorChecker [328] - Bean 'org.springframework.transaction.annotation.ProxyTransactionManagementConfiguration' of type [org.springframework.transaction.annotation.ProxyTransactionManagementConfiguration$$EnhancerBySpringCGLIB$$2d12535b] is not eligible for getting processed by all BeanPostProcessors (for example: not eligible for auto-proxying)
[INFO ] [2018-05-03 15:38:05] org.springframework.boot.web.embedded.tomcat.TomcatWebServer [91] - Tomcat initialized with port(s): 8088 (http)
[INFO ] [2018-05-03 15:38:05] org.apache.coyote.http11.Http11NioProtocol [180] - Initializing ProtocolHandler ["http-nio-8088"]
[INFO ] [2018-05-03 15:38:05] org.apache.catalina.core.StandardService [180] - Starting service [Tomcat]
[INFO ] [2018-05-03 15:38:05] org.apache.catalina.core.StandardEngine [180] - Starting Servlet Engine: Apache Tomcat/8.5.28
[INFO ] [2018-05-03 15:38:05] org.apache.catalina.core.AprLifecycleListener [180] - The APR based Apache Tomcat Native library which allows optimal performance in production environments was not found on the java.library.path: [E:\Develop\Java\jdk1.8.0_161\bin;C:\Windows\Sun\Java\bin;C:\Windows\system32;C:\Windows;D:\oracle\product\11.1.0\client_1\bin;C:\ProgramData\Oracle\Java\javapath;C:\Windows\system32;C:\Windows;C:\Windows\System32\Wbem;C:\Windows\System32\WindowsPowerShell\v1.0\;E:\Develop\Java\jdk1.8.0_45\bin;E:\Develop\Java\jdk1.8.0_45\jre\bin;D:\Program Files\TortoiseSVN\bin;E:\Develop\Apache\apache-maven-3.5.0\bin;E:\Develop\Gradle\gradle-3.5\bin;C:\Program Files\PuTTY\;D:\Program Files\Git\cmd;C:\Program Files\MySQL\MySQL Utilities 1.6\;E:\Develop\Apache\zookeeper-3.4.9\bin;E:\Develop\Scala\scala-2.12.4\bin;D:\Program Files\nodejs\;E:\Develop\Redis\;d:\Ruby24-x64\bin;C:\Users\DIYILIU\AppData\Local\Microsoft\WindowsApps;;d:\Program Files (x86)\Fiddler2;C:\Users\DIYILIU\AppData\Roaming\npm;.]
[INFO ] [2018-05-03 15:38:05] org.apache.catalina.core.ContainerBase.[Tomcat].[localhost].[/evcs/v1] [180] - Initializing Spring embedded WebApplicationContext
[INFO ] [2018-05-03 15:38:05] org.springframework.web.context.ContextLoader [285] - Root WebApplicationContext: initialization completed in 2763 ms
[INFO ] [2018-05-03 15:38:07] com.zaxxer.hikari.HikariDataSource [110] - HikariPool-1 - Starting...
[INFO ] [2018-05-03 15:38:07] com.zaxxer.hikari.pool.PoolBase [516] - HikariPool-1 - Driver does not support get/set network timeout for connections. (oracle.jdbc.driver.T4CConnection.getNetworkTimeout()I)
[INFO ] [2018-05-03 15:38:07] com.zaxxer.hikari.HikariDataSource [123] - HikariPool-1 - Start completed.
[INFO ] [2018-05-03 15:38:07] org.springframework.orm.jpa.LocalContainerEntityManagerFactoryBean [361] - Building JPA container EntityManagerFactory for persistence unit 'default'
[INFO ] [2018-05-03 15:38:07] org.hibernate.jpa.internal.util.LogHelper [31] - HHH000204: Processing PersistenceUnitInfo [
	name: default
	...]
[INFO ] [2018-05-03 15:38:07] org.hibernate.Version [45] - HHH000412: Hibernate Core {5.2.14.Final}
[INFO ] [2018-05-03 15:38:07] org.hibernate.cfg.Environment [213] - HHH000206: hibernate.properties not found
[INFO ] [2018-05-03 15:38:07] org.hibernate.annotations.common.Version [66] - HCANN000001: Hibernate Commons Annotations {5.0.1.Final}
[INFO ] [2018-05-03 15:38:08] org.hibernate.dialect.Dialect [157] - HHH000400: Using dialect: org.hibernate.dialect.Oracle12cDialect
[INFO ] [2018-05-03 15:38:08] org.hibernate.type.BasicTypeRegistry [148] - HHH000270: Type registration [byte[]] overrides previous : org.hibernate.type.BinaryType@4ddd8048
[INFO ] [2018-05-03 15:38:08] org.hibernate.type.BasicTypeRegistry [148] - HHH000270: Type registration [[B] overrides previous : org.hibernate.type.BinaryType@4ddd8048
[INFO ] [2018-05-03 15:38:08] org.hibernate.type.BasicTypeRegistry [148] - HHH000270: Type registration [Byte[]] overrides previous : org.hibernate.type.WrapperBinaryType@9fcf82f
[INFO ] [2018-05-03 15:38:08] org.hibernate.type.BasicTypeRegistry [148] - HHH000270: Type registration [[Ljava.lang.Byte;] overrides previous : org.hibernate.type.WrapperBinaryType@9fcf82f
[INFO ] [2018-05-03 15:38:08] org.springframework.orm.jpa.LocalContainerEntityManagerFactoryBean [394] - Initialized JPA EntityManagerFactory for persistence unit 'default'
[INFO ] [2018-05-03 15:38:09] org.springframework.boot.web.servlet.ServletRegistrationBean [185] - Servlet dispatcherServlet mapped to [/]
[INFO ] [2018-05-03 15:38:09] org.springframework.boot.web.servlet.FilterRegistrationBean [243] - Mapping filter: 'characterEncodingFilter' to: [/*]
[INFO ] [2018-05-03 15:38:09] org.springframework.boot.web.servlet.FilterRegistrationBean [243] - Mapping filter: 'hiddenHttpMethodFilter' to: [/*]
[INFO ] [2018-05-03 15:38:09] org.springframework.boot.web.servlet.FilterRegistrationBean [243] - Mapping filter: 'httpPutFormContentFilter' to: [/*]
[INFO ] [2018-05-03 15:38:09] org.springframework.boot.web.servlet.FilterRegistrationBean [243] - Mapping filter: 'requestContextFilter' to: [/*]
[INFO ] [2018-05-03 15:38:09] org.springframework.boot.web.servlet.FilterRegistrationBean [243] - Mapping filter: 'httpTraceFilter' to: [/*]
[INFO ] [2018-05-03 15:38:09] org.springframework.boot.web.servlet.FilterRegistrationBean [243] - Mapping filter: 'webMvcMetricsFilter' to: [/*]
[INFO ] [2018-05-03 15:38:09] org.springframework.boot.web.servlet.FilterRegistrationBean [243] - Mapping filter: 'tokenAuthorizationFilter' to: [/*]
[INFO ] [2018-05-03 15:38:09] org.springframework.web.servlet.mvc.method.annotation.RequestMappingHandlerAdapter [567] - Looking for @ControllerAdvice: org.springframework.boot.web.servlet.context.AnnotationConfigServletWebServerApplicationContext@6111ba37: startup date [Thu May 03 15:38:03 CST 2018]; root of context hierarchy
[INFO ] [2018-05-03 15:38:09] org.springframework.web.servlet.mvc.method.annotation.RequestMappingHandlerMapping [548] - Mapped "{[/query_token],methods=[POST]}" onto private com.tiza.support.model.RespResult com.tiza.api.account.AccountController.queryToken(javax.servlet.http.HttpServletRequest) throws java.lang.Exception
[INFO ] [2018-05-03 15:38:09] org.springframework.web.servlet.mvc.method.annotation.RequestMappingHandlerMapping [548] - Mapped "{[],methods=[POST]}" onto public com.tiza.support.model.RespResult com.tiza.api.station.StationController.notificationStationStatus(com.tiza.support.model.ReqBody)
[INFO ] [2018-05-03 15:38:09] org.springframework.web.servlet.mvc.method.annotation.RequestMappingHandlerMapping [548] - Mapped "{[/error]}" onto public org.springframework.http.ResponseEntity<java.util.Map<java.lang.String, java.lang.Object>> org.springframework.boot.autoconfigure.web.servlet.error.BasicErrorController.error(javax.servlet.http.HttpServletRequest)
[INFO ] [2018-05-03 15:38:09] org.springframework.web.servlet.mvc.method.annotation.RequestMappingHandlerMapping [548] - Mapped "{[/error],produces=[text/html]}" onto public org.springframework.web.servlet.ModelAndView org.springframework.boot.autoconfigure.web.servlet.error.BasicErrorController.errorHtml(javax.servlet.http.HttpServletRequest,javax.servlet.http.HttpServletResponse)
[INFO ] [2018-05-03 15:38:09] org.springframework.web.servlet.handler.SimpleUrlHandlerMapping [373] - Mapped URL path [/**/favicon.ico] onto handler of type [class org.springframework.web.servlet.resource.ResourceHttpRequestHandler]
[INFO ] [2018-05-03 15:38:10] org.springframework.boot.actuate.endpoint.web.servlet.WebMvcEndpointHandlerMapping [548] - Mapped "{[/actuator/health],methods=[GET],produces=[application/vnd.spring-boot.actuator.v2+json || application/json]}" onto public java.lang.Object org.springframework.boot.actuate.endpoint.web.servlet.AbstractWebMvcEndpointHandlerMapping$OperationHandler.handle(javax.servlet.http.HttpServletRequest,java.util.Map<java.lang.String, java.lang.String>)
[INFO ] [2018-05-03 15:38:10] org.springframework.boot.actuate.endpoint.web.servlet.WebMvcEndpointHandlerMapping [548] - Mapped "{[/actuator/info],methods=[GET],produces=[application/vnd.spring-boot.actuator.v2+json || application/json]}" onto public java.lang.Object org.springframework.boot.actuate.endpoint.web.servlet.AbstractWebMvcEndpointHandlerMapping$OperationHandler.handle(javax.servlet.http.HttpServletRequest,java.util.Map<java.lang.String, java.lang.String>)
[INFO ] [2018-05-03 15:38:10] org.springframework.boot.actuate.endpoint.web.servlet.WebMvcEndpointHandlerMapping [548] - Mapped "{[/actuator],methods=[GET],produces=[application/vnd.spring-boot.actuator.v2+json || application/json]}" onto protected java.util.Map<java.lang.String, java.util.Map<java.lang.String, org.springframework.boot.actuate.endpoint.web.Link>> org.springframework.boot.actuate.endpoint.web.servlet.WebMvcEndpointHandlerMapping.links(javax.servlet.http.HttpServletRequest,javax.servlet.http.HttpServletResponse)
[INFO ] [2018-05-03 15:38:10] org.springframework.jmx.export.annotation.AnnotationMBeanExporter [434] - Registering beans for JMX exposure on startup
[INFO ] [2018-05-03 15:38:10] org.springframework.jmx.export.annotation.AnnotationMBeanExporter [896] - Bean with name 'dataSource' has been autodetected for JMX exposure
[INFO ] [2018-05-03 15:38:10] org.springframework.jmx.export.annotation.AnnotationMBeanExporter [669] - Located MBean 'dataSource': registering with JMX server as MBean [com.zaxxer.hikari:name=dataSource,type=HikariDataSource]
[INFO ] [2018-05-03 15:38:10] org.apache.coyote.http11.Http11NioProtocol [180] - Starting ProtocolHandler ["http-nio-8088"]
[INFO ] [2018-05-03 15:38:10] org.apache.tomcat.util.net.NioSelectorPool [180] - Using a shared selector for servlet write/read
[INFO ] [2018-05-03 15:38:10] org.springframework.boot.web.embedded.tomcat.TomcatWebServer [205] - Tomcat started on port(s): 8088 (http) with context path '/evcs/v1'
[INFO ] [2018-05-03 15:38:10] com.tiza.Application [59] - Started Application in 8.907 seconds (JVM running for 10.799)
[INFO ] [2018-05-03 15:38:12] org.apache.catalina.core.ContainerBase.[Tomcat].[localhost].[/evcs/v1] [180] - Initializing Spring FrameworkServlet 'dispatcherServlet'
[INFO ] [2018-05-03 15:38:12] org.springframework.web.servlet.DispatcherServlet [494] - FrameworkServlet 'dispatcherServlet': initialization started
[INFO ] [2018-05-03 15:38:12] org.springframework.web.servlet.DispatcherServlet [513] - FrameworkServlet 'dispatcherServlet': initialization completed in 45 ms
[INFO ] [2018-05-03 15:38:12] io.lettuce.core.EpollProvider [101] - Starting without optional epoll library
[INFO ] [2018-05-03 15:38:12] io.lettuce.core.KqueueProvider [101] - Starting without optional kqueue library
[INFO ] [2018-05-03 15:41:06] com.tiza.Application [50] - Starting Application on DIYILIU with PID 11620 (E:\VCS\SVN\estar\estar-pile\out\production\classes started by DIYILIU in E:\VCS\SVN\estar\estar-pile)
[INFO ] [2018-05-03 15:41:06] com.tiza.Application [656] - The following profiles are active: dev
[INFO ] [2018-05-03 15:41:06] org.springframework.boot.web.servlet.context.AnnotationConfigServletWebServerApplicationContext [589] - Refreshing org.springframework.boot.web.servlet.context.AnnotationConfigServletWebServerApplicationContext@3a3e4aff: startup date [Thu May 03 15:41:06 CST 2018]; root of context hierarchy
[INFO ] [2018-05-03 15:41:09] org.springframework.data.repository.config.RepositoryConfigurationDelegate [163] - Multiple Spring Data modules found, entering strict repository configuration mode!
[INFO ] [2018-05-03 15:41:09] org.springframework.data.repository.config.RepositoryConfigurationDelegate [163] - Multiple Spring Data modules found, entering strict repository configuration mode!
[INFO ] [2018-05-03 15:41:09] org.springframework.data.repository.config.RepositoryConfigurationExtensionSupport [283] - Spring Data Redis - Could not safely identify store assignment for repository candidate interface com.tiza.api.operator.facade.OperatorJpa.
[INFO ] [2018-05-03 15:41:10] org.springframework.context.support.PostProcessorRegistrationDelegate$BeanPostProcessorChecker [328] - Bean 'org.springframework.transaction.annotation.ProxyTransactionManagementConfiguration' of type [org.springframework.transaction.annotation.ProxyTransactionManagementConfiguration$$EnhancerBySpringCGLIB$$7127e9e3] is not eligible for getting processed by all BeanPostProcessors (for example: not eligible for auto-proxying)
[INFO ] [2018-05-03 15:41:10] org.springframework.boot.web.embedded.tomcat.TomcatWebServer [91] - Tomcat initialized with port(s): 8088 (http)
[INFO ] [2018-05-03 15:41:10] org.apache.coyote.http11.Http11NioProtocol [180] - Initializing ProtocolHandler ["http-nio-8088"]
[INFO ] [2018-05-03 15:41:10] org.apache.catalina.core.StandardService [180] - Starting service [Tomcat]
[INFO ] [2018-05-03 15:41:10] org.apache.catalina.core.StandardEngine [180] - Starting Servlet Engine: Apache Tomcat/8.5.28
[INFO ] [2018-05-03 15:41:10] org.apache.catalina.core.AprLifecycleListener [180] - The APR based Apache Tomcat Native library which allows optimal performance in production environments was not found on the java.library.path: [E:\Develop\Java\jdk1.8.0_161\bin;C:\Windows\Sun\Java\bin;C:\Windows\system32;C:\Windows;D:\oracle\product\11.1.0\client_1\bin;C:\ProgramData\Oracle\Java\javapath;C:\Windows\system32;C:\Windows;C:\Windows\System32\Wbem;C:\Windows\System32\WindowsPowerShell\v1.0\;E:\Develop\Java\jdk1.8.0_45\bin;E:\Develop\Java\jdk1.8.0_45\jre\bin;D:\Program Files\TortoiseSVN\bin;E:\Develop\Apache\apache-maven-3.5.0\bin;E:\Develop\Gradle\gradle-3.5\bin;C:\Program Files\PuTTY\;D:\Program Files\Git\cmd;C:\Program Files\MySQL\MySQL Utilities 1.6\;E:\Develop\Apache\zookeeper-3.4.9\bin;E:\Develop\Scala\scala-2.12.4\bin;D:\Program Files\nodejs\;E:\Develop\Redis\;d:\Ruby24-x64\bin;C:\Users\DIYILIU\AppData\Local\Microsoft\WindowsApps;;d:\Program Files (x86)\Fiddler2;C:\Users\DIYILIU\AppData\Roaming\npm;.]
[INFO ] [2018-05-03 15:41:10] org.apache.catalina.core.ContainerBase.[Tomcat].[localhost].[/evcs/v1] [180] - Initializing Spring embedded WebApplicationContext
[INFO ] [2018-05-03 15:41:10] org.springframework.web.context.ContextLoader [285] - Root WebApplicationContext: initialization completed in 4130 ms
[INFO ] [2018-05-03 15:41:12] com.zaxxer.hikari.HikariDataSource [110] - HikariPool-1 - Starting...
[INFO ] [2018-05-03 15:41:12] com.zaxxer.hikari.pool.PoolBase [516] - HikariPool-1 - Driver does not support get/set network timeout for connections. (oracle.jdbc.driver.T4CConnection.getNetworkTimeout()I)
[INFO ] [2018-05-03 15:41:12] com.zaxxer.hikari.HikariDataSource [123] - HikariPool-1 - Start completed.
[INFO ] [2018-05-03 15:41:12] org.springframework.orm.jpa.LocalContainerEntityManagerFactoryBean [361] - Building JPA container EntityManagerFactory for persistence unit 'default'
[INFO ] [2018-05-03 15:41:12] org.hibernate.jpa.internal.util.LogHelper [31] - HHH000204: Processing PersistenceUnitInfo [
	name: default
	...]
[INFO ] [2018-05-03 15:41:12] org.hibernate.Version [45] - HHH000412: Hibernate Core {5.2.14.Final}
[INFO ] [2018-05-03 15:41:12] org.hibernate.cfg.Environment [213] - HHH000206: hibernate.properties not found
[INFO ] [2018-05-03 15:41:12] org.hibernate.annotations.common.Version [66] - HCANN000001: Hibernate Commons Annotations {5.0.1.Final}
[INFO ] [2018-05-03 15:41:13] org.hibernate.dialect.Dialect [157] - HHH000400: Using dialect: org.hibernate.dialect.Oracle12cDialect
[INFO ] [2018-05-03 15:41:13] org.hibernate.type.BasicTypeRegistry [148] - HHH000270: Type registration [byte[]] overrides previous : org.hibernate.type.BinaryType@e545a5c
[INFO ] [2018-05-03 15:41:13] org.hibernate.type.BasicTypeRegistry [148] - HHH000270: Type registration [[B] overrides previous : org.hibernate.type.BinaryType@e545a5c
[INFO ] [2018-05-03 15:41:13] org.hibernate.type.BasicTypeRegistry [148] - HHH000270: Type registration [Byte[]] overrides previous : org.hibernate.type.WrapperBinaryType@32fff260
[INFO ] [2018-05-03 15:41:13] org.hibernate.type.BasicTypeRegistry [148] - HHH000270: Type registration [[Ljava.lang.Byte;] overrides previous : org.hibernate.type.WrapperBinaryType@32fff260
[INFO ] [2018-05-03 15:41:13] org.springframework.orm.jpa.LocalContainerEntityManagerFactoryBean [394] - Initialized JPA EntityManagerFactory for persistence unit 'default'
[INFO ] [2018-05-03 15:41:14] org.springframework.boot.web.servlet.ServletRegistrationBean [185] - Servlet dispatcherServlet mapped to [/]
[INFO ] [2018-05-03 15:41:14] org.springframework.boot.web.servlet.FilterRegistrationBean [243] - Mapping filter: 'characterEncodingFilter' to: [/*]
[INFO ] [2018-05-03 15:41:14] org.springframework.boot.web.servlet.FilterRegistrationBean [243] - Mapping filter: 'hiddenHttpMethodFilter' to: [/*]
[INFO ] [2018-05-03 15:41:14] org.springframework.boot.web.servlet.FilterRegistrationBean [243] - Mapping filter: 'httpPutFormContentFilter' to: [/*]
[INFO ] [2018-05-03 15:41:14] org.springframework.boot.web.servlet.FilterRegistrationBean [243] - Mapping filter: 'requestContextFilter' to: [/*]
[INFO ] [2018-05-03 15:41:14] org.springframework.boot.web.servlet.FilterRegistrationBean [243] - Mapping filter: 'httpTraceFilter' to: [/*]
[INFO ] [2018-05-03 15:41:14] org.springframework.boot.web.servlet.FilterRegistrationBean [243] - Mapping filter: 'webMvcMetricsFilter' to: [/*]
[INFO ] [2018-05-03 15:41:14] org.springframework.boot.web.servlet.FilterRegistrationBean [243] - Mapping filter: 'tokenAuthorizationFilter' to: [/*]
[INFO ] [2018-05-03 15:41:14] org.springframework.web.servlet.mvc.method.annotation.RequestMappingHandlerAdapter [567] - Looking for @ControllerAdvice: org.springframework.boot.web.servlet.context.AnnotationConfigServletWebServerApplicationContext@3a3e4aff: startup date [Thu May 03 15:41:06 CST 2018]; root of context hierarchy
[INFO ] [2018-05-03 15:41:14] org.springframework.web.servlet.mvc.method.annotation.RequestMappingHandlerMapping [548] - Mapped "{[/query_token],methods=[POST]}" onto private com.tiza.support.model.RespResult com.tiza.api.account.AccountController.queryToken(javax.servlet.http.HttpServletRequest) throws java.lang.Exception
[INFO ] [2018-05-03 15:41:14] org.springframework.web.servlet.mvc.method.annotation.RequestMappingHandlerMapping [548] - Mapped "{[],methods=[POST]}" onto public com.tiza.support.model.RespResult com.tiza.api.station.StationController.notificationStationStatus(com.tiza.support.model.ReqBody)
[INFO ] [2018-05-03 15:41:14] org.springframework.web.servlet.mvc.method.annotation.RequestMappingHandlerMapping [548] - Mapped "{[/error]}" onto public org.springframework.http.ResponseEntity<java.util.Map<java.lang.String, java.lang.Object>> org.springframework.boot.autoconfigure.web.servlet.error.BasicErrorController.error(javax.servlet.http.HttpServletRequest)
[INFO ] [2018-05-03 15:41:14] org.springframework.web.servlet.mvc.method.annotation.RequestMappingHandlerMapping [548] - Mapped "{[/error],produces=[text/html]}" onto public org.springframework.web.servlet.ModelAndView org.springframework.boot.autoconfigure.web.servlet.error.BasicErrorController.errorHtml(javax.servlet.http.HttpServletRequest,javax.servlet.http.HttpServletResponse)
[INFO ] [2018-05-03 15:41:15] org.springframework.web.servlet.handler.SimpleUrlHandlerMapping [373] - Mapped URL path [/**/favicon.ico] onto handler of type [class org.springframework.web.servlet.resource.ResourceHttpRequestHandler]
[INFO ] [2018-05-03 15:41:15] org.springframework.boot.actuate.endpoint.web.servlet.WebMvcEndpointHandlerMapping [548] - Mapped "{[/actuator/health],methods=[GET],produces=[application/vnd.spring-boot.actuator.v2+json || application/json]}" onto public java.lang.Object org.springframework.boot.actuate.endpoint.web.servlet.AbstractWebMvcEndpointHandlerMapping$OperationHandler.handle(javax.servlet.http.HttpServletRequest,java.util.Map<java.lang.String, java.lang.String>)
[INFO ] [2018-05-03 15:41:15] org.springframework.boot.actuate.endpoint.web.servlet.WebMvcEndpointHandlerMapping [548] - Mapped "{[/actuator/info],methods=[GET],produces=[application/vnd.spring-boot.actuator.v2+json || application/json]}" onto public java.lang.Object org.springframework.boot.actuate.endpoint.web.servlet.AbstractWebMvcEndpointHandlerMapping$OperationHandler.handle(javax.servlet.http.HttpServletRequest,java.util.Map<java.lang.String, java.lang.String>)
[INFO ] [2018-05-03 15:41:15] org.springframework.boot.actuate.endpoint.web.servlet.WebMvcEndpointHandlerMapping [548] - Mapped "{[/actuator],methods=[GET],produces=[application/vnd.spring-boot.actuator.v2+json || application/json]}" onto protected java.util.Map<java.lang.String, java.util.Map<java.lang.String, org.springframework.boot.actuate.endpoint.web.Link>> org.springframework.boot.actuate.endpoint.web.servlet.WebMvcEndpointHandlerMapping.links(javax.servlet.http.HttpServletRequest,javax.servlet.http.HttpServletResponse)
[INFO ] [2018-05-03 15:41:16] org.springframework.jmx.export.annotation.AnnotationMBeanExporter [434] - Registering beans for JMX exposure on startup
[INFO ] [2018-05-03 15:41:16] org.springframework.jmx.export.annotation.AnnotationMBeanExporter [896] - Bean with name 'dataSource' has been autodetected for JMX exposure
[INFO ] [2018-05-03 15:41:16] org.springframework.jmx.export.annotation.AnnotationMBeanExporter [669] - Located MBean 'dataSource': registering with JMX server as MBean [com.zaxxer.hikari:name=dataSource,type=HikariDataSource]
[INFO ] [2018-05-03 15:41:16] org.apache.coyote.http11.Http11NioProtocol [180] - Starting ProtocolHandler ["http-nio-8088"]
[INFO ] [2018-05-03 15:41:16] org.apache.tomcat.util.net.NioSelectorPool [180] - Using a shared selector for servlet write/read
[INFO ] [2018-05-03 15:41:16] org.springframework.boot.web.embedded.tomcat.TomcatWebServer [205] - Tomcat started on port(s): 8088 (http) with context path '/evcs/v1'
[INFO ] [2018-05-03 15:41:16] com.tiza.Application [59] - Started Application in 10.883 seconds (JVM running for 12.522)
[INFO ] [2018-05-03 15:41:17] org.apache.catalina.core.ContainerBase.[Tomcat].[localhost].[/evcs/v1] [180] - Initializing Spring FrameworkServlet 'dispatcherServlet'
[INFO ] [2018-05-03 15:41:17] org.springframework.web.servlet.DispatcherServlet [494] - FrameworkServlet 'dispatcherServlet': initialization started
[INFO ] [2018-05-03 15:41:17] org.springframework.web.servlet.DispatcherServlet [513] - FrameworkServlet 'dispatcherServlet': initialization completed in 24 ms
[INFO ] [2018-05-03 15:41:17] io.lettuce.core.EpollProvider [101] - Starting without optional epoll library
[INFO ] [2018-05-03 15:41:17] io.lettuce.core.KqueueProvider [101] - Starting without optional kqueue library
[INFO ] [2018-05-03 15:52:51] com.tiza.Application [50] - Starting Application on DIYILIU with PID 8944 (E:\VCS\SVN\estar\estar-pile\out\production\classes started by DIYILIU in E:\VCS\SVN\estar\estar-pile)
[INFO ] [2018-05-03 15:52:51] com.tiza.Application [656] - The following profiles are active: dev
[INFO ] [2018-05-03 15:52:51] org.springframework.boot.web.servlet.context.AnnotationConfigServletWebServerApplicationContext [589] - Refreshing org.springframework.boot.web.servlet.context.AnnotationConfigServletWebServerApplicationContext@47db5fa5: startup date [Thu May 03 15:52:51 CST 2018]; root of context hierarchy
[INFO ] [2018-05-03 15:52:52] org.springframework.data.repository.config.RepositoryConfigurationDelegate [163] - Multiple Spring Data modules found, entering strict repository configuration mode!
[INFO ] [2018-05-03 15:52:52] org.springframework.data.repository.config.RepositoryConfigurationDelegate [163] - Multiple Spring Data modules found, entering strict repository configuration mode!
[INFO ] [2018-05-03 15:52:52] org.springframework.data.repository.config.RepositoryConfigurationExtensionSupport [283] - Spring Data Redis - Could not safely identify store assignment for repository candidate interface com.tiza.api.operator.facade.OperatorJpa.
[INFO ] [2018-05-03 15:52:53] org.springframework.context.support.PostProcessorRegistrationDelegate$BeanPostProcessorChecker [328] - Bean 'org.springframework.transaction.annotation.ProxyTransactionManagementConfiguration' of type [org.springframework.transaction.annotation.ProxyTransactionManagementConfiguration$$EnhancerBySpringCGLIB$$ad68cbc3] is not eligible for getting processed by all BeanPostProcessors (for example: not eligible for auto-proxying)
[INFO ] [2018-05-03 15:52:53] org.springframework.boot.web.embedded.tomcat.TomcatWebServer [91] - Tomcat initialized with port(s): 8088 (http)
[INFO ] [2018-05-03 15:52:53] org.apache.coyote.http11.Http11NioProtocol [180] - Initializing ProtocolHandler ["http-nio-8088"]
[INFO ] [2018-05-03 15:52:53] org.apache.catalina.core.StandardService [180] - Starting service [Tomcat]
[INFO ] [2018-05-03 15:52:53] org.apache.catalina.core.StandardEngine [180] - Starting Servlet Engine: Apache Tomcat/8.5.28
[INFO ] [2018-05-03 15:52:53] org.apache.catalina.core.AprLifecycleListener [180] - The APR based Apache Tomcat Native library which allows optimal performance in production environments was not found on the java.library.path: [E:\Develop\Java\jdk1.8.0_161\bin;C:\Windows\Sun\Java\bin;C:\Windows\system32;C:\Windows;D:\oracle\product\11.1.0\client_1\bin;C:\ProgramData\Oracle\Java\javapath;C:\Windows\system32;C:\Windows;C:\Windows\System32\Wbem;C:\Windows\System32\WindowsPowerShell\v1.0\;E:\Develop\Java\jdk1.8.0_45\bin;E:\Develop\Java\jdk1.8.0_45\jre\bin;D:\Program Files\TortoiseSVN\bin;E:\Develop\Apache\apache-maven-3.5.0\bin;E:\Develop\Gradle\gradle-3.5\bin;C:\Program Files\PuTTY\;D:\Program Files\Git\cmd;C:\Program Files\MySQL\MySQL Utilities 1.6\;E:\Develop\Apache\zookeeper-3.4.9\bin;E:\Develop\Scala\scala-2.12.4\bin;D:\Program Files\nodejs\;E:\Develop\Redis\;d:\Ruby24-x64\bin;C:\Users\DIYILIU\AppData\Local\Microsoft\WindowsApps;;d:\Program Files (x86)\Fiddler2;C:\Users\DIYILIU\AppData\Roaming\npm;.]
[INFO ] [2018-05-03 15:52:54] org.apache.catalina.core.ContainerBase.[Tomcat].[localhost].[/evcs/v1] [180] - Initializing Spring embedded WebApplicationContext
[INFO ] [2018-05-03 15:52:54] org.springframework.web.context.ContextLoader [285] - Root WebApplicationContext: initialization completed in 2682 ms
[INFO ] [2018-05-03 15:52:55] com.zaxxer.hikari.HikariDataSource [110] - HikariPool-1 - Starting...
[INFO ] [2018-05-03 15:52:55] com.zaxxer.hikari.pool.PoolBase [516] - HikariPool-1 - Driver does not support get/set network timeout for connections. (oracle.jdbc.driver.T4CConnection.getNetworkTimeout()I)
[INFO ] [2018-05-03 15:52:55] com.zaxxer.hikari.HikariDataSource [123] - HikariPool-1 - Start completed.
[INFO ] [2018-05-03 15:52:55] org.springframework.orm.jpa.LocalContainerEntityManagerFactoryBean [361] - Building JPA container EntityManagerFactory for persistence unit 'default'
[INFO ] [2018-05-03 15:52:55] org.hibernate.jpa.internal.util.LogHelper [31] - HHH000204: Processing PersistenceUnitInfo [
	name: default
	...]
[INFO ] [2018-05-03 15:52:55] org.hibernate.Version [45] - HHH000412: Hibernate Core {5.2.14.Final}
[INFO ] [2018-05-03 15:52:55] org.hibernate.cfg.Environment [213] - HHH000206: hibernate.properties not found
[INFO ] [2018-05-03 15:52:56] org.hibernate.annotations.common.Version [66] - HCANN000001: Hibernate Commons Annotations {5.0.1.Final}
[INFO ] [2018-05-03 15:52:56] org.hibernate.dialect.Dialect [157] - HHH000400: Using dialect: org.hibernate.dialect.Oracle12cDialect
[INFO ] [2018-05-03 15:52:56] org.hibernate.type.BasicTypeRegistry [148] - HHH000270: Type registration [byte[]] overrides previous : org.hibernate.type.BinaryType@5fb975e0
[INFO ] [2018-05-03 15:52:56] org.hibernate.type.BasicTypeRegistry [148] - HHH000270: Type registration [[B] overrides previous : org.hibernate.type.BinaryType@5fb975e0
[INFO ] [2018-05-03 15:52:56] org.hibernate.type.BasicTypeRegistry [148] - HHH000270: Type registration [Byte[]] overrides previous : org.hibernate.type.WrapperBinaryType@2c1b48ad
[INFO ] [2018-05-03 15:52:56] org.hibernate.type.BasicTypeRegistry [148] - HHH000270: Type registration [[Ljava.lang.Byte;] overrides previous : org.hibernate.type.WrapperBinaryType@2c1b48ad
[INFO ] [2018-05-03 15:52:56] org.springframework.orm.jpa.LocalContainerEntityManagerFactoryBean [394] - Initialized JPA EntityManagerFactory for persistence unit 'default'
[INFO ] [2018-05-03 15:52:57] org.springframework.boot.web.servlet.ServletRegistrationBean [185] - Servlet dispatcherServlet mapped to [/]
[INFO ] [2018-05-03 15:52:57] org.springframework.boot.web.servlet.FilterRegistrationBean [243] - Mapping filter: 'characterEncodingFilter' to: [/*]
[INFO ] [2018-05-03 15:52:57] org.springframework.boot.web.servlet.FilterRegistrationBean [243] - Mapping filter: 'hiddenHttpMethodFilter' to: [/*]
[INFO ] [2018-05-03 15:52:57] org.springframework.boot.web.servlet.FilterRegistrationBean [243] - Mapping filter: 'httpPutFormContentFilter' to: [/*]
[INFO ] [2018-05-03 15:52:57] org.springframework.boot.web.servlet.FilterRegistrationBean [243] - Mapping filter: 'requestContextFilter' to: [/*]
[INFO ] [2018-05-03 15:52:57] org.springframework.boot.web.servlet.FilterRegistrationBean [243] - Mapping filter: 'httpTraceFilter' to: [/*]
[INFO ] [2018-05-03 15:52:57] org.springframework.boot.web.servlet.FilterRegistrationBean [243] - Mapping filter: 'webMvcMetricsFilter' to: [/*]
[INFO ] [2018-05-03 15:52:57] org.springframework.boot.web.servlet.FilterRegistrationBean [243] - Mapping filter: 'tokenAuthorizationFilter' to: [/*]
[INFO ] [2018-05-03 15:52:58] org.springframework.web.servlet.mvc.method.annotation.RequestMappingHandlerAdapter [567] - Looking for @ControllerAdvice: org.springframework.boot.web.servlet.context.AnnotationConfigServletWebServerApplicationContext@47db5fa5: startup date [Thu May 03 15:52:51 CST 2018]; root of context hierarchy
[INFO ] [2018-05-03 15:52:58] org.springframework.web.servlet.mvc.method.annotation.RequestMappingHandlerMapping [548] - Mapped "{[/query_token],methods=[POST]}" onto private com.tiza.support.model.RespResult com.tiza.api.account.AccountController.queryToken(javax.servlet.http.HttpServletRequest) throws java.lang.Exception
[INFO ] [2018-05-03 15:52:58] org.springframework.web.servlet.mvc.method.annotation.RequestMappingHandlerMapping [548] - Mapped "{[],methods=[POST]}" onto public com.tiza.support.model.RespResult com.tiza.api.station.StationController.notificationStationStatus(com.tiza.support.model.ReqBody)
[INFO ] [2018-05-03 15:52:58] org.springframework.web.servlet.mvc.method.annotation.RequestMappingHandlerMapping [548] - Mapped "{[/error]}" onto public org.springframework.http.ResponseEntity<java.util.Map<java.lang.String, java.lang.Object>> org.springframework.boot.autoconfigure.web.servlet.error.BasicErrorController.error(javax.servlet.http.HttpServletRequest)
[INFO ] [2018-05-03 15:52:58] org.springframework.web.servlet.mvc.method.annotation.RequestMappingHandlerMapping [548] - Mapped "{[/error],produces=[text/html]}" onto public org.springframework.web.servlet.ModelAndView org.springframework.boot.autoconfigure.web.servlet.error.BasicErrorController.errorHtml(javax.servlet.http.HttpServletRequest,javax.servlet.http.HttpServletResponse)
[INFO ] [2018-05-03 15:52:58] org.springframework.web.servlet.handler.SimpleUrlHandlerMapping [373] - Mapped URL path [/**/favicon.ico] onto handler of type [class org.springframework.web.servlet.resource.ResourceHttpRequestHandler]
[INFO ] [2018-05-03 15:52:58] org.springframework.boot.actuate.endpoint.web.servlet.WebMvcEndpointHandlerMapping [548] - Mapped "{[/actuator/health],methods=[GET],produces=[application/vnd.spring-boot.actuator.v2+json || application/json]}" onto public java.lang.Object org.springframework.boot.actuate.endpoint.web.servlet.AbstractWebMvcEndpointHandlerMapping$OperationHandler.handle(javax.servlet.http.HttpServletRequest,java.util.Map<java.lang.String, java.lang.String>)
[INFO ] [2018-05-03 15:52:58] org.springframework.boot.actuate.endpoint.web.servlet.WebMvcEndpointHandlerMapping [548] - Mapped "{[/actuator/info],methods=[GET],produces=[application/vnd.spring-boot.actuator.v2+json || application/json]}" onto public java.lang.Object org.springframework.boot.actuate.endpoint.web.servlet.AbstractWebMvcEndpointHandlerMapping$OperationHandler.handle(javax.servlet.http.HttpServletRequest,java.util.Map<java.lang.String, java.lang.String>)
[INFO ] [2018-05-03 15:52:58] org.springframework.boot.actuate.endpoint.web.servlet.WebMvcEndpointHandlerMapping [548] - Mapped "{[/actuator],methods=[GET],produces=[application/vnd.spring-boot.actuator.v2+json || application/json]}" onto protected java.util.Map<java.lang.String, java.util.Map<java.lang.String, org.springframework.boot.actuate.endpoint.web.Link>> org.springframework.boot.actuate.endpoint.web.servlet.WebMvcEndpointHandlerMapping.links(javax.servlet.http.HttpServletRequest,javax.servlet.http.HttpServletResponse)
[INFO ] [2018-05-03 15:52:59] org.springframework.jmx.export.annotation.AnnotationMBeanExporter [434] - Registering beans for JMX exposure on startup
[INFO ] [2018-05-03 15:52:59] org.springframework.jmx.export.annotation.AnnotationMBeanExporter [896] - Bean with name 'dataSource' has been autodetected for JMX exposure
[INFO ] [2018-05-03 15:52:59] org.springframework.jmx.export.annotation.AnnotationMBeanExporter [669] - Located MBean 'dataSource': registering with JMX server as MBean [com.zaxxer.hikari:name=dataSource,type=HikariDataSource]
[INFO ] [2018-05-03 15:52:59] org.apache.coyote.http11.Http11NioProtocol [180] - Starting ProtocolHandler ["http-nio-8088"]
[INFO ] [2018-05-03 15:52:59] org.apache.tomcat.util.net.NioSelectorPool [180] - Using a shared selector for servlet write/read
[INFO ] [2018-05-03 15:52:59] org.springframework.boot.web.embedded.tomcat.TomcatWebServer [205] - Tomcat started on port(s): 8088 (http) with context path '/evcs/v1'
[INFO ] [2018-05-03 15:52:59] com.tiza.Application [59] - Started Application in 9.048 seconds (JVM running for 10.531)
[INFO ] [2018-05-03 15:53:00] org.apache.catalina.core.ContainerBase.[Tomcat].[localhost].[/evcs/v1] [180] - Initializing Spring FrameworkServlet 'dispatcherServlet'
[INFO ] [2018-05-03 15:53:00] org.springframework.web.servlet.DispatcherServlet [494] - FrameworkServlet 'dispatcherServlet': initialization started
[INFO ] [2018-05-03 15:53:00] org.springframework.web.servlet.DispatcherServlet [513] - FrameworkServlet 'dispatcherServlet': initialization completed in 24 ms
[INFO ] [2018-05-03 15:53:00] io.lettuce.core.EpollProvider [101] - Starting without optional epoll library
[INFO ] [2018-05-03 15:53:00] io.lettuce.core.KqueueProvider [101] - Starting without optional kqueue library
[INFO ] [2018-05-03 15:53:23] org.hibernate.hql.internal.QueryTranslatorFactoryInitiator [47] - HHH000397: Using ASTQueryTranslatorFactory
[INFO ] [2018-05-03 15:58:35] com.tiza.Application [50] - Starting Application on DIYILIU with PID 1680 (E:\VCS\SVN\estar\estar-pile\out\production\classes started by DIYILIU in E:\VCS\SVN\estar\estar-pile)
[INFO ] [2018-05-03 15:58:35] com.tiza.Application [656] - The following profiles are active: dev
[INFO ] [2018-05-03 15:58:35] org.springframework.boot.web.servlet.context.AnnotationConfigServletWebServerApplicationContext [589] - Refreshing org.springframework.boot.web.servlet.context.AnnotationConfigServletWebServerApplicationContext@1bb1fde8: startup date [Thu May 03 15:58:35 CST 2018]; root of context hierarchy
[INFO ] [2018-05-03 15:58:37] org.springframework.data.repository.config.RepositoryConfigurationDelegate [163] - Multiple Spring Data modules found, entering strict repository configuration mode!
[INFO ] [2018-05-03 15:58:37] org.springframework.data.repository.config.RepositoryConfigurationDelegate [163] - Multiple Spring Data modules found, entering strict repository configuration mode!
[INFO ] [2018-05-03 15:58:37] org.springframework.data.repository.config.RepositoryConfigurationExtensionSupport [283] - Spring Data Redis - Could not safely identify store assignment for repository candidate interface com.tiza.api.operator.facade.OperatorJpa.
[INFO ] [2018-05-03 15:58:37] org.springframework.context.support.PostProcessorRegistrationDelegate$BeanPostProcessorChecker [328] - Bean 'org.springframework.transaction.annotation.ProxyTransactionManagementConfiguration' of type [org.springframework.transaction.annotation.ProxyTransactionManagementConfiguration$$EnhancerBySpringCGLIB$$c992f92f] is not eligible for getting processed by all BeanPostProcessors (for example: not eligible for auto-proxying)
[INFO ] [2018-05-03 15:58:38] org.springframework.boot.web.embedded.tomcat.TomcatWebServer [91] - Tomcat initialized with port(s): 8088 (http)
[INFO ] [2018-05-03 15:58:38] org.apache.coyote.http11.Http11NioProtocol [180] - Initializing ProtocolHandler ["http-nio-8088"]
[INFO ] [2018-05-03 15:58:38] org.apache.catalina.core.StandardService [180] - Starting service [Tomcat]
[INFO ] [2018-05-03 15:58:38] org.apache.catalina.core.StandardEngine [180] - Starting Servlet Engine: Apache Tomcat/8.5.28
[INFO ] [2018-05-03 15:58:38] org.apache.catalina.core.AprLifecycleListener [180] - The APR based Apache Tomcat Native library which allows optimal performance in production environments was not found on the java.library.path: [E:\Develop\Java\jdk1.8.0_161\bin;C:\Windows\Sun\Java\bin;C:\Windows\system32;C:\Windows;D:\oracle\product\11.1.0\client_1\bin;C:\ProgramData\Oracle\Java\javapath;C:\Windows\system32;C:\Windows;C:\Windows\System32\Wbem;C:\Windows\System32\WindowsPowerShell\v1.0\;E:\Develop\Java\jdk1.8.0_45\bin;E:\Develop\Java\jdk1.8.0_45\jre\bin;D:\Program Files\TortoiseSVN\bin;E:\Develop\Apache\apache-maven-3.5.0\bin;E:\Develop\Gradle\gradle-3.5\bin;C:\Program Files\PuTTY\;D:\Program Files\Git\cmd;C:\Program Files\MySQL\MySQL Utilities 1.6\;E:\Develop\Apache\zookeeper-3.4.9\bin;E:\Develop\Scala\scala-2.12.4\bin;D:\Program Files\nodejs\;E:\Develop\Redis\;d:\Ruby24-x64\bin;C:\Users\DIYILIU\AppData\Local\Microsoft\WindowsApps;;d:\Program Files (x86)\Fiddler2;C:\Users\DIYILIU\AppData\Roaming\npm;.]
[INFO ] [2018-05-03 15:58:38] org.apache.catalina.core.ContainerBase.[Tomcat].[localhost].[/evcs/v1] [180] - Initializing Spring embedded WebApplicationContext
[INFO ] [2018-05-03 15:58:38] org.springframework.web.context.ContextLoader [285] - Root WebApplicationContext: initialization completed in 2539 ms
[INFO ] [2018-05-03 15:58:39] com.zaxxer.hikari.HikariDataSource [110] - HikariPool-1 - Starting...
[INFO ] [2018-05-03 15:58:40] com.zaxxer.hikari.pool.PoolBase [516] - HikariPool-1 - Driver does not support get/set network timeout for connections. (oracle.jdbc.driver.T4CConnection.getNetworkTimeout()I)
[INFO ] [2018-05-03 15:58:40] com.zaxxer.hikari.HikariDataSource [123] - HikariPool-1 - Start completed.
[INFO ] [2018-05-03 15:58:40] org.springframework.orm.jpa.LocalContainerEntityManagerFactoryBean [361] - Building JPA container EntityManagerFactory for persistence unit 'default'
[INFO ] [2018-05-03 15:58:40] org.hibernate.jpa.internal.util.LogHelper [31] - HHH000204: Processing PersistenceUnitInfo [
	name: default
	...]
[INFO ] [2018-05-03 15:58:40] org.hibernate.Version [45] - HHH000412: Hibernate Core {5.2.14.Final}
[INFO ] [2018-05-03 15:58:40] org.hibernate.cfg.Environment [213] - HHH000206: hibernate.properties not found
[INFO ] [2018-05-03 15:58:40] org.hibernate.annotations.common.Version [66] - HCANN000001: Hibernate Commons Annotations {5.0.1.Final}
[INFO ] [2018-05-03 15:58:40] org.hibernate.dialect.Dialect [157] - HHH000400: Using dialect: org.hibernate.dialect.Oracle12cDialect
[INFO ] [2018-05-03 15:58:40] org.hibernate.type.BasicTypeRegistry [148] - HHH000270: Type registration [byte[]] overrides previous : org.hibernate.type.BinaryType@259541d
[INFO ] [2018-05-03 15:58:40] org.hibernate.type.BasicTypeRegistry [148] - HHH000270: Type registration [[B] overrides previous : org.hibernate.type.BinaryType@259541d
[INFO ] [2018-05-03 15:58:40] org.hibernate.type.BasicTypeRegistry [148] - HHH000270: Type registration [Byte[]] overrides previous : org.hibernate.type.WrapperBinaryType@3d2c44c3
[INFO ] [2018-05-03 15:58:40] org.hibernate.type.BasicTypeRegistry [148] - HHH000270: Type registration [[Ljava.lang.Byte;] overrides previous : org.hibernate.type.WrapperBinaryType@3d2c44c3
[INFO ] [2018-05-03 15:58:41] org.springframework.orm.jpa.LocalContainerEntityManagerFactoryBean [394] - Initialized JPA EntityManagerFactory for persistence unit 'default'
[INFO ] [2018-05-03 15:58:41] org.springframework.boot.web.servlet.ServletRegistrationBean [185] - Servlet dispatcherServlet mapped to [/]
[INFO ] [2018-05-03 15:58:41] org.springframework.boot.web.servlet.FilterRegistrationBean [243] - Mapping filter: 'characterEncodingFilter' to: [/*]
[INFO ] [2018-05-03 15:58:41] org.springframework.boot.web.servlet.FilterRegistrationBean [243] - Mapping filter: 'hiddenHttpMethodFilter' to: [/*]
[INFO ] [2018-05-03 15:58:41] org.springframework.boot.web.servlet.FilterRegistrationBean [243] - Mapping filter: 'httpPutFormContentFilter' to: [/*]
[INFO ] [2018-05-03 15:58:41] org.springframework.boot.web.servlet.FilterRegistrationBean [243] - Mapping filter: 'requestContextFilter' to: [/*]
[INFO ] [2018-05-03 15:58:41] org.springframework.boot.web.servlet.FilterRegistrationBean [243] - Mapping filter: 'httpTraceFilter' to: [/*]
[INFO ] [2018-05-03 15:58:41] org.springframework.boot.web.servlet.FilterRegistrationBean [243] - Mapping filter: 'webMvcMetricsFilter' to: [/*]
[INFO ] [2018-05-03 15:58:41] org.springframework.boot.web.servlet.FilterRegistrationBean [243] - Mapping filter: 'tokenAuthorizationFilter' to: [/*]
[INFO ] [2018-05-03 15:58:42] org.springframework.web.servlet.mvc.method.annotation.RequestMappingHandlerAdapter [567] - Looking for @ControllerAdvice: org.springframework.boot.web.servlet.context.AnnotationConfigServletWebServerApplicationContext@1bb1fde8: startup date [Thu May 03 15:58:35 CST 2018]; root of context hierarchy
[INFO ] [2018-05-03 15:58:42] org.springframework.web.servlet.mvc.method.annotation.RequestMappingHandlerMapping [548] - Mapped "{[/query_token],methods=[POST]}" onto private com.tiza.support.model.RespResult com.tiza.api.account.AccountController.queryToken(javax.servlet.http.HttpServletRequest) throws java.lang.Exception
[INFO ] [2018-05-03 15:58:42] org.springframework.web.servlet.mvc.method.annotation.RequestMappingHandlerMapping [548] - Mapped "{[],methods=[POST]}" onto public com.tiza.support.model.RespResult com.tiza.api.station.StationController.notificationStationStatus(com.tiza.support.model.ReqBody)
[INFO ] [2018-05-03 15:58:42] org.springframework.web.servlet.mvc.method.annotation.RequestMappingHandlerMapping [548] - Mapped "{[/error]}" onto public org.springframework.http.ResponseEntity<java.util.Map<java.lang.String, java.lang.Object>> org.springframework.boot.autoconfigure.web.servlet.error.BasicErrorController.error(javax.servlet.http.HttpServletRequest)
[INFO ] [2018-05-03 15:58:42] org.springframework.web.servlet.mvc.method.annotation.RequestMappingHandlerMapping [548] - Mapped "{[/error],produces=[text/html]}" onto public org.springframework.web.servlet.ModelAndView org.springframework.boot.autoconfigure.web.servlet.error.BasicErrorController.errorHtml(javax.servlet.http.HttpServletRequest,javax.servlet.http.HttpServletResponse)
[INFO ] [2018-05-03 15:58:42] org.springframework.web.servlet.handler.SimpleUrlHandlerMapping [373] - Mapped URL path [/**/favicon.ico] onto handler of type [class org.springframework.web.servlet.resource.ResourceHttpRequestHandler]
[INFO ] [2018-05-03 15:58:43] org.springframework.boot.actuate.endpoint.web.servlet.WebMvcEndpointHandlerMapping [548] - Mapped "{[/actuator/health],methods=[GET],produces=[application/vnd.spring-boot.actuator.v2+json || application/json]}" onto public java.lang.Object org.springframework.boot.actuate.endpoint.web.servlet.AbstractWebMvcEndpointHandlerMapping$OperationHandler.handle(javax.servlet.http.HttpServletRequest,java.util.Map<java.lang.String, java.lang.String>)
[INFO ] [2018-05-03 15:58:43] org.springframework.boot.actuate.endpoint.web.servlet.WebMvcEndpointHandlerMapping [548] - Mapped "{[/actuator/info],methods=[GET],produces=[application/vnd.spring-boot.actuator.v2+json || application/json]}" onto public java.lang.Object org.springframework.boot.actuate.endpoint.web.servlet.AbstractWebMvcEndpointHandlerMapping$OperationHandler.handle(javax.servlet.http.HttpServletRequest,java.util.Map<java.lang.String, java.lang.String>)
[INFO ] [2018-05-03 15:58:43] org.springframework.boot.actuate.endpoint.web.servlet.WebMvcEndpointHandlerMapping [548] - Mapped "{[/actuator],methods=[GET],produces=[application/vnd.spring-boot.actuator.v2+json || application/json]}" onto protected java.util.Map<java.lang.String, java.util.Map<java.lang.String, org.springframework.boot.actuate.endpoint.web.Link>> org.springframework.boot.actuate.endpoint.web.servlet.WebMvcEndpointHandlerMapping.links(javax.servlet.http.HttpServletRequest,javax.servlet.http.HttpServletResponse)
[INFO ] [2018-05-03 15:58:43] org.springframework.jmx.export.annotation.AnnotationMBeanExporter [434] - Registering beans for JMX exposure on startup
[INFO ] [2018-05-03 15:58:43] org.springframework.jmx.export.annotation.AnnotationMBeanExporter [896] - Bean with name 'dataSource' has been autodetected for JMX exposure
[INFO ] [2018-05-03 15:58:43] org.springframework.jmx.export.annotation.AnnotationMBeanExporter [669] - Located MBean 'dataSource': registering with JMX server as MBean [com.zaxxer.hikari:name=dataSource,type=HikariDataSource]
[INFO ] [2018-05-03 15:58:43] org.apache.coyote.http11.Http11NioProtocol [180] - Starting ProtocolHandler ["http-nio-8088"]
[INFO ] [2018-05-03 15:58:43] org.apache.tomcat.util.net.NioSelectorPool [180] - Using a shared selector for servlet write/read
[INFO ] [2018-05-03 15:58:43] org.springframework.boot.web.embedded.tomcat.TomcatWebServer [205] - Tomcat started on port(s): 8088 (http) with context path '/evcs/v1'
[INFO ] [2018-05-03 15:58:43] com.tiza.Application [59] - Started Application in 8.536 seconds (JVM running for 10.185)
[INFO ] [2018-05-03 15:58:44] org.apache.catalina.core.ContainerBase.[Tomcat].[localhost].[/evcs/v1] [180] - Initializing Spring FrameworkServlet 'dispatcherServlet'
[INFO ] [2018-05-03 15:58:44] org.springframework.web.servlet.DispatcherServlet [494] - FrameworkServlet 'dispatcherServlet': initialization started
[INFO ] [2018-05-03 15:58:44] org.springframework.web.servlet.DispatcherServlet [513] - FrameworkServlet 'dispatcherServlet': initialization completed in 243 ms
[INFO ] [2018-05-03 15:58:44] io.lettuce.core.EpollProvider [101] - Starting without optional epoll library
[INFO ] [2018-05-03 15:58:44] io.lettuce.core.KqueueProvider [101] - Starting without optional kqueue library
[INFO ] [2018-05-03 15:58:49] org.hibernate.hql.internal.QueryTranslatorFactoryInitiator [47] - HHH000397: Using ASTQueryTranslatorFactory
[INFO ] [2018-05-03 16:20:07] com.tiza.Application [50] - Starting Application on DIYILIU with PID 1856 (E:\VCS\SVN\estar\estar-pile\out\production\classes started by DIYILIU in E:\VCS\SVN\estar\estar-pile)
[INFO ] [2018-05-03 16:20:07] com.tiza.Application [656] - The following profiles are active: dev
[INFO ] [2018-05-03 16:20:07] org.springframework.boot.web.servlet.context.AnnotationConfigServletWebServerApplicationContext [589] - Refreshing org.springframework.boot.web.servlet.context.AnnotationConfigServletWebServerApplicationContext@27953a83: startup date [Thu May 03 16:20:07 CST 2018]; root of context hierarchy
[INFO ] [2018-05-03 16:20:08] org.springframework.data.repository.config.RepositoryConfigurationDelegate [163] - Multiple Spring Data modules found, entering strict repository configuration mode!
[INFO ] [2018-05-03 16:20:09] org.springframework.data.repository.config.RepositoryConfigurationDelegate [163] - Multiple Spring Data modules found, entering strict repository configuration mode!
[INFO ] [2018-05-03 16:20:09] org.springframework.data.repository.config.RepositoryConfigurationExtensionSupport [283] - Spring Data Redis - Could not safely identify store assignment for repository candidate interface com.tiza.api.operator.facade.OperatorJpa.
[INFO ] [2018-05-03 16:20:09] org.springframework.context.support.PostProcessorRegistrationDelegate$BeanPostProcessorChecker [328] - Bean 'org.springframework.transaction.annotation.ProxyTransactionManagementConfiguration' of type [org.springframework.transaction.annotation.ProxyTransactionManagementConfiguration$$EnhancerBySpringCGLIB$$f5c53910] is not eligible for getting processed by all BeanPostProcessors (for example: not eligible for auto-proxying)
[INFO ] [2018-05-03 16:20:10] org.springframework.boot.web.embedded.tomcat.TomcatWebServer [91] - Tomcat initialized with port(s): 8088 (http)
[INFO ] [2018-05-03 16:20:10] org.apache.coyote.http11.Http11NioProtocol [180] - Initializing ProtocolHandler ["http-nio-8088"]
[INFO ] [2018-05-03 16:20:10] org.apache.catalina.core.StandardService [180] - Starting service [Tomcat]
[INFO ] [2018-05-03 16:20:10] org.apache.catalina.core.StandardEngine [180] - Starting Servlet Engine: Apache Tomcat/8.5.28
[INFO ] [2018-05-03 16:20:10] org.apache.catalina.core.AprLifecycleListener [180] - The APR based Apache Tomcat Native library which allows optimal performance in production environments was not found on the java.library.path: [E:\Develop\Java\jdk1.8.0_161\bin;C:\Windows\Sun\Java\bin;C:\Windows\system32;C:\Windows;D:\oracle\product\11.1.0\client_1\bin;C:\ProgramData\Oracle\Java\javapath;C:\Windows\system32;C:\Windows;C:\Windows\System32\Wbem;C:\Windows\System32\WindowsPowerShell\v1.0\;E:\Develop\Java\jdk1.8.0_45\bin;E:\Develop\Java\jdk1.8.0_45\jre\bin;D:\Program Files\TortoiseSVN\bin;E:\Develop\Apache\apache-maven-3.5.0\bin;E:\Develop\Gradle\gradle-3.5\bin;C:\Program Files\PuTTY\;D:\Program Files\Git\cmd;C:\Program Files\MySQL\MySQL Utilities 1.6\;E:\Develop\Apache\zookeeper-3.4.9\bin;E:\Develop\Scala\scala-2.12.4\bin;D:\Program Files\nodejs\;E:\Develop\Redis\;d:\Ruby24-x64\bin;C:\Users\DIYILIU\AppData\Local\Microsoft\WindowsApps;;d:\Program Files (x86)\Fiddler2;C:\Users\DIYILIU\AppData\Roaming\npm;.]
[INFO ] [2018-05-03 16:20:10] org.apache.catalina.core.ContainerBase.[Tomcat].[localhost].[/evcs/v1] [180] - Initializing Spring embedded WebApplicationContext
[INFO ] [2018-05-03 16:20:10] org.springframework.web.context.ContextLoader [285] - Root WebApplicationContext: initialization completed in 3036 ms
[INFO ] [2018-05-03 16:20:12] com.zaxxer.hikari.HikariDataSource [110] - HikariPool-1 - Starting...
[INFO ] [2018-05-03 16:20:12] com.zaxxer.hikari.pool.PoolBase [516] - HikariPool-1 - Driver does not support get/set network timeout for connections. (oracle.jdbc.driver.T4CConnection.getNetworkTimeout()I)
[INFO ] [2018-05-03 16:20:12] com.zaxxer.hikari.HikariDataSource [123] - HikariPool-1 - Start completed.
[INFO ] [2018-05-03 16:20:12] org.springframework.orm.jpa.LocalContainerEntityManagerFactoryBean [361] - Building JPA container EntityManagerFactory for persistence unit 'default'
[INFO ] [2018-05-03 16:20:12] org.hibernate.jpa.internal.util.LogHelper [31] - HHH000204: Processing PersistenceUnitInfo [
	name: default
	...]
[INFO ] [2018-05-03 16:20:12] org.hibernate.Version [45] - HHH000412: Hibernate Core {5.2.14.Final}
[INFO ] [2018-05-03 16:20:12] org.hibernate.cfg.Environment [213] - HHH000206: hibernate.properties not found
[INFO ] [2018-05-03 16:20:12] org.hibernate.annotations.common.Version [66] - HCANN000001: Hibernate Commons Annotations {5.0.1.Final}
[INFO ] [2018-05-03 16:20:12] org.hibernate.dialect.Dialect [157] - HHH000400: Using dialect: org.hibernate.dialect.Oracle12cDialect
[INFO ] [2018-05-03 16:20:12] org.hibernate.type.BasicTypeRegistry [148] - HHH000270: Type registration [byte[]] overrides previous : org.hibernate.type.BinaryType@882490d
[INFO ] [2018-05-03 16:20:12] org.hibernate.type.BasicTypeRegistry [148] - HHH000270: Type registration [[B] overrides previous : org.hibernate.type.BinaryType@882490d
[INFO ] [2018-05-03 16:20:12] org.hibernate.type.BasicTypeRegistry [148] - HHH000270: Type registration [Byte[]] overrides previous : org.hibernate.type.WrapperBinaryType@6c2d2407
[INFO ] [2018-05-03 16:20:12] org.hibernate.type.BasicTypeRegistry [148] - HHH000270: Type registration [[Ljava.lang.Byte;] overrides previous : org.hibernate.type.WrapperBinaryType@6c2d2407
[INFO ] [2018-05-03 16:20:13] org.springframework.orm.jpa.LocalContainerEntityManagerFactoryBean [394] - Initialized JPA EntityManagerFactory for persistence unit 'default'
[INFO ] [2018-05-03 16:20:13] org.springframework.boot.web.servlet.ServletRegistrationBean [185] - Servlet dispatcherServlet mapped to [/]
[INFO ] [2018-05-03 16:20:13] org.springframework.boot.web.servlet.FilterRegistrationBean [243] - Mapping filter: 'characterEncodingFilter' to: [/*]
[INFO ] [2018-05-03 16:20:13] org.springframework.boot.web.servlet.FilterRegistrationBean [243] - Mapping filter: 'hiddenHttpMethodFilter' to: [/*]
[INFO ] [2018-05-03 16:20:13] org.springframework.boot.web.servlet.FilterRegistrationBean [243] - Mapping filter: 'httpPutFormContentFilter' to: [/*]
[INFO ] [2018-05-03 16:20:13] org.springframework.boot.web.servlet.FilterRegistrationBean [243] - Mapping filter: 'requestContextFilter' to: [/*]
[INFO ] [2018-05-03 16:20:13] org.springframework.boot.web.servlet.FilterRegistrationBean [243] - Mapping filter: 'httpTraceFilter' to: [/*]
[INFO ] [2018-05-03 16:20:13] org.springframework.boot.web.servlet.FilterRegistrationBean [243] - Mapping filter: 'webMvcMetricsFilter' to: [/*]
[INFO ] [2018-05-03 16:20:13] org.springframework.boot.web.servlet.FilterRegistrationBean [243] - Mapping filter: 'tokenAuthorizationFilter' to: [/*]
[INFO ] [2018-05-03 16:20:14] org.springframework.web.servlet.mvc.method.annotation.RequestMappingHandlerAdapter [567] - Looking for @ControllerAdvice: org.springframework.boot.web.servlet.context.AnnotationConfigServletWebServerApplicationContext@27953a83: startup date [Thu May 03 16:20:07 CST 2018]; root of context hierarchy
[INFO ] [2018-05-03 16:20:14] org.springframework.web.servlet.mvc.method.annotation.RequestMappingHandlerMapping [548] - Mapped "{[/query_token],methods=[POST]}" onto private com.tiza.support.model.RespResult com.tiza.api.account.AccountController.queryToken(javax.servlet.http.HttpServletRequest) throws java.lang.Exception
[INFO ] [2018-05-03 16:20:14] org.springframework.web.servlet.mvc.method.annotation.RequestMappingHandlerMapping [548] - Mapped "{[/notification_stationStatus],methods=[POST]}" onto public com.tiza.support.model.RespResult com.tiza.api.station.StationController.notificationStationStatus(javax.servlet.http.HttpServletRequest)
[INFO ] [2018-05-03 16:20:14] org.springframework.web.servlet.mvc.method.annotation.RequestMappingHandlerMapping [548] - Mapped "{[/error]}" onto public org.springframework.http.ResponseEntity<java.util.Map<java.lang.String, java.lang.Object>> org.springframework.boot.autoconfigure.web.servlet.error.BasicErrorController.error(javax.servlet.http.HttpServletRequest)
[INFO ] [2018-05-03 16:20:14] org.springframework.web.servlet.mvc.method.annotation.RequestMappingHandlerMapping [548] - Mapped "{[/error],produces=[text/html]}" onto public org.springframework.web.servlet.ModelAndView org.springframework.boot.autoconfigure.web.servlet.error.BasicErrorController.errorHtml(javax.servlet.http.HttpServletRequest,javax.servlet.http.HttpServletResponse)
[INFO ] [2018-05-03 16:20:14] org.springframework.web.servlet.handler.SimpleUrlHandlerMapping [373] - Mapped URL path [/**/favicon.ico] onto handler of type [class org.springframework.web.servlet.resource.ResourceHttpRequestHandler]
[INFO ] [2018-05-03 16:20:15] org.springframework.boot.actuate.endpoint.web.servlet.WebMvcEndpointHandlerMapping [548] - Mapped "{[/actuator/health],methods=[GET],produces=[application/vnd.spring-boot.actuator.v2+json || application/json]}" onto public java.lang.Object org.springframework.boot.actuate.endpoint.web.servlet.AbstractWebMvcEndpointHandlerMapping$OperationHandler.handle(javax.servlet.http.HttpServletRequest,java.util.Map<java.lang.String, java.lang.String>)
[INFO ] [2018-05-03 16:20:15] org.springframework.boot.actuate.endpoint.web.servlet.WebMvcEndpointHandlerMapping [548] - Mapped "{[/actuator/info],methods=[GET],produces=[application/vnd.spring-boot.actuator.v2+json || application/json]}" onto public java.lang.Object org.springframework.boot.actuate.endpoint.web.servlet.AbstractWebMvcEndpointHandlerMapping$OperationHandler.handle(javax.servlet.http.HttpServletRequest,java.util.Map<java.lang.String, java.lang.String>)
[INFO ] [2018-05-03 16:20:15] org.springframework.boot.actuate.endpoint.web.servlet.WebMvcEndpointHandlerMapping [548] - Mapped "{[/actuator],methods=[GET],produces=[application/vnd.spring-boot.actuator.v2+json || application/json]}" onto protected java.util.Map<java.lang.String, java.util.Map<java.lang.String, org.springframework.boot.actuate.endpoint.web.Link>> org.springframework.boot.actuate.endpoint.web.servlet.WebMvcEndpointHandlerMapping.links(javax.servlet.http.HttpServletRequest,javax.servlet.http.HttpServletResponse)
[INFO ] [2018-05-03 16:20:15] org.springframework.jmx.export.annotation.AnnotationMBeanExporter [434] - Registering beans for JMX exposure on startup
[INFO ] [2018-05-03 16:20:15] org.springframework.jmx.export.annotation.AnnotationMBeanExporter [896] - Bean with name 'dataSource' has been autodetected for JMX exposure
[INFO ] [2018-05-03 16:20:15] org.springframework.jmx.export.annotation.AnnotationMBeanExporter [669] - Located MBean 'dataSource': registering with JMX server as MBean [com.zaxxer.hikari:name=dataSource,type=HikariDataSource]
[INFO ] [2018-05-03 16:20:15] org.apache.coyote.http11.Http11NioProtocol [180] - Starting ProtocolHandler ["http-nio-8088"]
[INFO ] [2018-05-03 16:20:15] org.apache.tomcat.util.net.NioSelectorPool [180] - Using a shared selector for servlet write/read
[INFO ] [2018-05-03 16:20:15] org.springframework.boot.web.embedded.tomcat.TomcatWebServer [205] - Tomcat started on port(s): 8088 (http) with context path '/evcs/v1'
[INFO ] [2018-05-03 16:20:15] com.tiza.Application [59] - Started Application in 8.616 seconds (JVM running for 10.373)
[INFO ] [2018-05-03 16:20:16] org.apache.catalina.core.ContainerBase.[Tomcat].[localhost].[/evcs/v1] [180] - Initializing Spring FrameworkServlet 'dispatcherServlet'
[INFO ] [2018-05-03 16:20:16] org.springframework.web.servlet.DispatcherServlet [494] - FrameworkServlet 'dispatcherServlet': initialization started
[INFO ] [2018-05-03 16:20:16] org.springframework.web.servlet.DispatcherServlet [513] - FrameworkServlet 'dispatcherServlet': initialization completed in 288 ms
[INFO ] [2018-05-03 16:20:16] io.lettuce.core.EpollProvider [101] - Starting without optional epoll library
[INFO ] [2018-05-03 16:20:16] io.lettuce.core.KqueueProvider [101] - Starting without optional kqueue library
[INFO ] [2018-05-03 16:20:46] org.hibernate.hql.internal.QueryTranslatorFactoryInitiator [47] - HHH000397: Using ASTQueryTranslatorFactory
